
Showing logs for build [32mcb-kubecd-environment-pr-213-28-crc4s-1[0m stage [32mfrom-build-pack[0m and container [32mstep-credential-initializer-cbdcb[0m
{"level":"info","ts":1588560136.9719646,"logger":"fallback-logger","caller":"logging/config.go:69","msg":"Fetch GitHub commit ID from kodata failed: open /var/run/ko/refs/heads/0.8.0-ns-support: no such file or directory"}
{"level":"info","ts":1588560136.9727345,"logger":"fallback-logger","caller":"creds-init/main.go:40","msg":"Credentials initialized."}

Showing logs for build [32mcb-kubecd-environment-pr-213-28-crc4s-1[0m stage [32mfrom-build-pack[0m and container [32mstep-working-dir-initializer-5pxs7[0m
{"level":"info","ts":1588560138.0273747,"logger":"fallback-logger","caller":"logging/config.go:69","msg":"Fetch GitHub commit ID from kodata failed: open /var/run/ko/HEAD: no such file or directory"}
{"level":"info","ts":1588560138.0287514,"logger":"fallback-logger","caller":"bash/main.go:64","msg":"Successfully executed command \"sh -c mkdir -p /workspace/source\"; output "}

Showing logs for build [32mcb-kubecd-environment-pr-213-28-crc4s-1[0m stage [32mfrom-build-pack[0m and container [32mstep-place-tools[0m

Showing logs for build [32mcb-kubecd-environment-pr-213-28-crc4s-1[0m stage [32mfrom-build-pack[0m and container [32mstep-git-source-cb-kubecd-environment-pr-213-28-crc4s-kwvwl[0m
{"level":"info","ts":1588560142.2091086,"logger":"fallback-logger","caller":"logging/config.go:69","msg":"Fetch GitHub commit ID from kodata failed: open /var/run/ko/refs/heads/0.8.0-ns-support: no such file or directory"}
{"level":"info","ts":1588560143.3200865,"logger":"fallback-logger","caller":"git/git.go:103","msg":"Successfully cloned https://github.com/cb-kubecd/environment-pr-213-28-gke-upgrade-staging.git @ master in path /workspace/source"}

Showing logs for build [32mcb-kubecd-environment-pr-213-28-crc4s-1[0m stage [32mfrom-build-pack[0m and container [32mstep-git-merge[0m
Using SHAs from PULL_REFS=master:81db03962996ed41de5f520db3f024f373ae82e0,1:5b6f40219b87aeb742941fbe681e1ee04a0c2be5
DEBUG: JX_LOG_LEVEL=error LC_ALL=C git fetch origin --unshallow 5b6f40219b87aeb742941fbe681e1ee04a0c2be5: 81db03962996ed41de5f520db3f024f373ae82e0:
DEBUG: ran git fetch --unshallow origin 5b6f40219b87aeb742941fbe681e1ee04a0c2be5: 81db03962996ed41de5f520db3f024f373ae82e0: in 
DEBUG: LC_ALL=C JX_LOG_LEVEL=error git branch
DEBUG: LC_ALL=C JX_LOG_LEVEL=error git checkout master
DEBUG: ran git checkout master in 
DEBUG: LC_ALL=C JX_LOG_LEVEL=error git reset --hard 81db03962996ed41de5f520db3f024f373ae82e0
DEBUG: ran git reset --hard 81db03962996ed41de5f520db3f024f373ae82e0 in 
DEBUG: LC_ALL=C JX_LOG_LEVEL=error git clean -fd .
DEBUG: ran clean --force -d . in 
DEBUG: JX_LOG_LEVEL=error LC_ALL=C git merge 5b6f40219b87aeb742941fbe681e1ee04a0c2be5
DEBUG: ran git merge 5b6f40219b87aeb742941fbe681e1ee04a0c2be5 in 
DEBUG: LC_ALL=C JX_LOG_LEVEL=error git log --format=%H%x1f%an%x1f%ae%x1f%cn%x1f%ce%x1f%s%n%b%x1e 81db03962996ed41de5f520db3f024f373ae82e0..HEAD
Merged SHA 5b6f40219b87aeb742941fbe681e1ee04a0c2be5 with commit message 'chore: Promote bdd-spring-1588559827 to version 0.0.1' into base branch master

Showing logs for build [32mcb-kubecd-environment-pr-213-28-crc4s-1[0m stage [32mfrom-build-pack[0m and container [32mstep-build-helm-build[0m
WARNING: No $CHART_REPOSITORY defined so using the default value of: http://jenkins-x-chartmuseum:8080
Adding missing Helm repo: storage.googleapis.com https://storage.googleapis.com/chartmuseum.jenkins-x.io
WARNING: No secrets found on "helm/repos" due: reading the secret "helm/repos" from vault: no secret "helm/repos" not found in vault
Read credentials for https://storage.googleapis.com/chartmuseum.jenkins-x.io from vault helm/repos
Successfully added Helm repository storage.googleapis.com.
Adding missing Helm repo: jenkins-x-chartmuseum http://jenkins-x-chartmuseum:8080
WARNING: No secrets found on "helm/repos" due: reading the secret "helm/repos" from vault: no secret "helm/repos" not found in vault
Read credentials for http://jenkins-x-chartmuseum:8080 from vault helm/repos
Successfully added Helm repository jenkins-x-chartmuseum.
WARNING: No $CHART_REPOSITORY defined so using the default value of: http://jenkins-x-chartmuseum:8080
Adding missing Helm repo: chartmuseum.jenkins-x.io http://chartmuseum.jenkins-x.io
WARNING: No secrets found on "helm/repos" due: reading the secret "helm/repos" from vault: no secret "helm/repos" not found in vault
Read credentials for http://chartmuseum.jenkins-x.io from vault helm/repos
Successfully added Helm repository chartmuseum.jenkins-x.io.
